<?xml version="1.0" encoding="UTF-8"?>
<!-- Generated by org.testng.reporters.JUnitReportReporter -->
<testsuite hostname="CBT-LAB-041" name="qsp.DemoA" tests="1" failures="0" timestamp="3 Feb 2018 10:34:26 GMT" time="5.730" errors="0">
  <testcase name="testA" time="5.730" classname="qsp.DemoA"/>
</testsuite> <!-- qsp.DemoA -->
